0 info it worked if it ends with ok
1 verbose cli [ 'C:\\Program Files\\nodejs\\node.exe',
1 verbose cli   'C:\\Program Files\\nodejs\\node_modules\\npm\\bin\\npm-cli.js',
1 verbose cli   'start' ]
2 info using npm@3.3.12
3 info using node@v5.5.0
4 verbose run-script [ 'prestart', 'start', 'poststart' ]
5 info lifecycle preprocessing-i@1.0.0~prestart: preprocessing-i@1.0.0
6 silly lifecycle preprocessing-i@1.0.0~prestart: no script for prestart, continuing
7 info lifecycle preprocessing-i@1.0.0~start: preprocessing-i@1.0.0
8 verbose lifecycle preprocessing-i@1.0.0~start: unsafe-perm in lifecycle true
9 verbose lifecycle preprocessing-i@1.0.0~start: PATH: C:\Users\Mikey\AppData\Roaming\nvm\v5.5.0\node_modules\npm\bin\node-gyp-bin;C:\Users\Mikey\Documents\GitHub\Journey-To-Coding\Online-Project-Ideas\lambda-school\web-fundamentals\advanced-css\preprocessing-i\node_modules\.bin;C:\WINDOWS\system32;C:\WINDOWS;C:\WINDOWS\System32\Wbem;C:\WINDOWS\System32\WindowsPowerShell\v1.0\;C:\WINDOWS\System32\OpenSSH\;C:\Program Files (x86)\NVIDIA Corporation\PhysX\Common;C:\Users\Mikey\AppData\Roaming\nvm;C:\Program Files\nodejs;C:\Program Files\Git\cmd;C:\Users\Mikey\scoop\apps\yarn\current\Yarn\bin;C:\Users\Mikey\scoop\apps\yarn\current\global\node_modules\.bin;C:\Users\Mikey\scoop\shims;C:\Users\Mikey\AppData\Local\Microsoft\WindowsApps;C:\Users\Mikey\AppData\Local\GitHubDesktop\bin;C:\Users\Mikey\AppData\Local\Programs\Microsoft VS Code\bin
10 verbose lifecycle preprocessing-i@1.0.0~start: CWD: C:\Users\Mikey\Documents\GitHub\Journey-To-Coding\Online-Project-Ideas\lambda-school\web-fundamentals\advanced-css\preprocessing-i
11 silly lifecycle preprocessing-i@1.0.0~start: Args: [ '/d /s /c', 'npm-run-all --parallel devserver watch-less' ]
12 silly lifecycle preprocessing-i@1.0.0~start: Returned: code: 1  signal: null
13 info lifecycle preprocessing-i@1.0.0~start: Failed to exec start script
14 verbose stack Error: preprocessing-i@1.0.0 start: `npm-run-all --parallel devserver watch-less`
14 verbose stack Exit status 1
14 verbose stack     at EventEmitter.<anonymous> (C:\Users\Mikey\AppData\Roaming\nvm\v5.5.0\node_modules\npm\lib\utils\lifecycle.js:232:16)
14 verbose stack     at emitTwo (events.js:100:13)
14 verbose stack     at EventEmitter.emit (events.js:185:7)
14 verbose stack     at ChildProcess.<anonymous> (C:\Users\Mikey\AppData\Roaming\nvm\v5.5.0\node_modules\npm\lib\utils\spawn.js:24:14)
14 verbose stack     at emitTwo (events.js:100:13)
14 verbose stack     at ChildProcess.emit (events.js:185:7)
14 verbose stack     at maybeClose (internal/child_process.js:821:16)
14 verbose stack     at Process.ChildProcess._handle.onexit (internal/child_process.js:211:5)
15 verbose pkgid preprocessing-i@1.0.0
16 verbose cwd C:\Users\Mikey\Documents\GitHub\Journey-To-Coding\Online-Project-Ideas\lambda-school\web-fundamentals\advanced-css\preprocessing-i
17 error Windows_NT 10.0.17763
18 error argv "C:\\Program Files\\nodejs\\node.exe" "C:\\Program Files\\nodejs\\node_modules\\npm\\bin\\npm-cli.js" "start"
19 error node v5.5.0
20 error npm  v3.3.12
21 error code ELIFECYCLE
22 error preprocessing-i@1.0.0 start: `npm-run-all --parallel devserver watch-less`
22 error Exit status 1
23 error Failed at the preprocessing-i@1.0.0 start script 'npm-run-all --parallel devserver watch-less'.
23 error Make sure you have the latest version of node.js and npm installed.
23 error If you do, this is most likely a problem with the preprocessing-i package,
23 error not with npm itself.
23 error Tell the author that this fails on your system:
23 error     npm-run-all --parallel devserver watch-less
23 error You can get their info via:
23 error     npm owner ls preprocessing-i
23 error There is likely additional logging output above.
24 verbose exit [ 1, true ]
